<?xml version="1.0" encoding="UTF-8"?>
<!-- Generated by org.testng.reporters.JUnitXMLReporter -->
<testsuite ignored="6" hostname="Fazican" failures="0" tests="3" name="GRP-smoke" time="0.085" errors="0" timestamp="2022-01-22T14:51:47 EST">
  <testcase classname="selenium.Testing2" name="test4" time="0.017"/>
  <testcase classname="selenium.Testing3" name="createUser" time="0.005"/>
  <testcase classname="selenium.Testing1" name="test1" time="0.006"/>
  <testcase classname="selenium.Testing1" name="test3" time="0.0">
    <ignored/>
  </testcase> <!-- test3 -->
  <testcase classname="selenium.Testing2" name="test5" time="0.0">
    <ignored/>
  </testcase> <!-- test5 -->
  <testcase classname="selenium.Testing1" name="test2" time="0.0">
    <ignored/>
  </testcase> <!-- test2 -->
  <testcase classname="selenium.Testing3" name="editUser" time="0.0">
    <ignored/>
  </testcase> <!-- editUser -->
  <testcase classname="selenium.Testing1" name="abc" time="0.0">
    <ignored/>
  </testcase> <!-- abc -->
  <testcase classname="selenium.Testing3" name="deleteUser" time="0.0">
    <ignored/>
  </testcase> <!-- deleteUser -->
</testsuite> <!-- GRP-smoke -->
