<?xml version="1.0" encoding="UTF-8"?>
<testng-results ignored="0" total="2" passed="2" failed="0" skipped="0">
  <reporter-output>
  </reporter-output>
  <suite started-at="2022-01-22T17:05:01 EST" name="Default suite" finished-at="2022-01-22T17:05:01 EST" duration-ms="53">
    <groups>
    </groups>
    <test started-at="2022-01-22T17:05:01 EST" name="Default test" finished-at="2022-01-22T17:05:01 EST" duration-ms="53">
      <class name="Testcases.CreateUser">
        <test-method signature="createUser(java.lang.String, java.lang.String, int, java.lang.String)[pri:0, instance:Testcases.CreateUser@2898ac89]" started-at="2022-01-22T17:05:01 EST" name="createUser" data-provider="getData" finished-at="2022-01-22T17:05:01 EST" duration-ms="9" status="PASS">
          <params>
            <param index="0">
              <value>
                <![CDATA[chrome]]>
              </value>
            </param>
            <param index="1">
              <value>
                <![CDATA[SuperAdmin]]>
              </value>
            </param>
            <param index="2">
              <value>
                <![CDATA[2343]]>
              </value>
            </param>
            <param index="3">
              <value>
                <![CDATA[abx@gmail.com]]>
              </value>
            </param>
          </params>
          <reporter-output>
          </reporter-output>
        </test-method> <!-- createUser -->
        <test-method signature="createUser(java.lang.String, java.lang.String, int, java.lang.String)[pri:0, instance:Testcases.CreateUser@2898ac89]" started-at="2022-01-22T17:05:01 EST" name="createUser" data-provider="getData" finished-at="2022-01-22T17:05:01 EST" duration-ms="2" status="PASS">
          <params>
            <param index="0">
              <value>
                <![CDATA[Mozilla]]>
              </value>
            </param>
            <param index="1">
              <value>
                <![CDATA[SuperAdmin1]]>
              </value>
            </param>
            <param index="2">
              <value>
                <![CDATA[23432]]>
              </value>
            </param>
            <param index="3">
              <value>
                <![CDATA[abc@gmail.com]]>
              </value>
            </param>
          </params>
          <reporter-output>
          </reporter-output>
        </test-method> <!-- createUser -->
      </class> <!-- Testcases.CreateUser -->
    </test> <!-- Default test -->
  </suite> <!-- Default suite -->
</testng-results>
