<?xml version="1.0" encoding="UTF-8"?>
<testng-results ignored="0" total="5" passed="5" failed="0" skipped="0">
  <reporter-output>
  </reporter-output>
  <suite started-at="2022-01-30T13:14:07 EST" name="Default suite" finished-at="2022-01-30T13:14:07 EST" duration-ms="161">
    <groups>
      <group name="smoke">
        <method signature="Testing1.test1()[pri:0, instance:selenium.Testing1@740773a3]" name="test1" class="selenium.Testing1"/>
      </group> <!-- smoke -->
      <group name="sanity">
        <method signature="Testing1.test1()[pri:0, instance:selenium.Testing1@740773a3]" name="test1" class="selenium.Testing1"/>
      </group> <!-- sanity -->
    </groups>
    <test started-at="2022-01-30T13:14:07 EST" name="Default test" finished-at="2022-01-30T13:14:07 EST" duration-ms="161">
      <class name="selenium.Testing1">
        <test-method is-config="true" signature="beforeSuite()[pri:0, instance:selenium.Testing1@740773a3]" started-at="2022-01-30T13:14:07 EST" name="beforeSuite" finished-at="2022-01-30T13:14:07 EST" duration-ms="15" status="PASS">
          <reporter-output>
          </reporter-output>
        </test-method> <!-- beforeSuite -->
        <test-method is-config="true" signature="beforeTest()[pri:0, instance:selenium.Testing1@740773a3]" started-at="2022-01-30T13:14:07 EST" name="beforeTest" finished-at="2022-01-30T13:14:07 EST" duration-ms="3" status="PASS">
          <reporter-output>
          </reporter-output>
        </test-method> <!-- beforeTest -->
        <test-method is-config="true" signature="beforeClass()[pri:0, instance:selenium.Testing1@740773a3]" started-at="2022-01-30T13:14:07 EST" name="beforeClass" finished-at="2022-01-30T13:14:07 EST" duration-ms="0" status="PASS">
          <reporter-output>
          </reporter-output>
        </test-method> <!-- beforeClass -->
        <test-method is-config="true" signature="beforeMethod()[pri:0, instance:selenium.Testing1@740773a3]" started-at="2022-01-30T13:14:07 EST" name="beforeMethod" finished-at="2022-01-30T13:14:07 EST" duration-ms="1" status="PASS">
          <reporter-output>
          </reporter-output>
        </test-method> <!-- beforeMethod -->
        <test-method signature="abc(java.lang.Integer, java.lang.String)[pri:0, instance:selenium.Testing1@740773a3]" started-at="2022-01-30T13:14:07 EST" name="abc" data-provider="dp" finished-at="2022-01-30T13:14:07 EST" duration-ms="9" status="PASS">
          <params>
            <param index="0">
              <value>
                <![CDATA[1]]>
              </value>
            </param>
            <param index="1">
              <value>
                <![CDATA[a]]>
              </value>
            </param>
          </params>
          <reporter-output>
          </reporter-output>
        </test-method> <!-- abc -->
        <test-method is-config="true" signature="afterMethod()[pri:0, instance:selenium.Testing1@740773a3]" started-at="2022-01-30T13:14:07 EST" name="afterMethod" finished-at="2022-01-30T13:14:07 EST" duration-ms="0" status="PASS">
          <reporter-output>
          </reporter-output>
        </test-method> <!-- afterMethod -->
        <test-method signature="abc(java.lang.Integer, java.lang.String)[pri:0, instance:selenium.Testing1@740773a3]" started-at="2022-01-30T13:14:07 EST" name="abc" data-provider="dp" finished-at="2022-01-30T13:14:07 EST" duration-ms="9" status="PASS">
          <params>
            <param index="0">
              <value>
                <![CDATA[2]]>
              </value>
            </param>
            <param index="1">
              <value>
                <![CDATA[b]]>
              </value>
            </param>
          </params>
          <reporter-output>
          </reporter-output>
        </test-method> <!-- abc -->
        <test-method is-config="true" signature="beforeMethod()[pri:0, instance:selenium.Testing1@740773a3]" started-at="2022-01-30T13:14:07 EST" name="beforeMethod" finished-at="2022-01-30T13:14:07 EST" duration-ms="0" status="PASS">
          <reporter-output>
          </reporter-output>
        </test-method> <!-- beforeMethod -->
        <test-method is-config="true" signature="afterMethod()[pri:0, instance:selenium.Testing1@740773a3]" started-at="2022-01-30T13:14:07 EST" name="afterMethod" finished-at="2022-01-30T13:14:07 EST" duration-ms="4" status="PASS">
          <reporter-output>
          </reporter-output>
        </test-method> <!-- afterMethod -->
        <test-method signature="test1()[pri:0, instance:selenium.Testing1@740773a3]" started-at="2022-01-30T13:14:07 EST" name="test1" finished-at="2022-01-30T13:14:07 EST" duration-ms="2" status="PASS">
          <reporter-output>
          </reporter-output>
        </test-method> <!-- test1 -->
        <test-method is-config="true" signature="beforeMethod()[pri:0, instance:selenium.Testing1@740773a3]" started-at="2022-01-30T13:14:07 EST" name="beforeMethod" finished-at="2022-01-30T13:14:07 EST" duration-ms="0" status="PASS">
          <reporter-output>
          </reporter-output>
        </test-method> <!-- beforeMethod -->
        <test-method is-config="true" signature="afterMethod()[pri:0, instance:selenium.Testing1@740773a3]" started-at="2022-01-30T13:14:07 EST" name="afterMethod" finished-at="2022-01-30T13:14:07 EST" duration-ms="0" status="PASS">
          <reporter-output>
          </reporter-output>
        </test-method> <!-- afterMethod -->
        <test-method is-config="true" signature="beforeMethod()[pri:0, instance:selenium.Testing1@740773a3]" started-at="2022-01-30T13:14:07 EST" name="beforeMethod" finished-at="2022-01-30T13:14:07 EST" duration-ms="0" status="PASS">
          <reporter-output>
          </reporter-output>
        </test-method> <!-- beforeMethod -->
        <test-method signature="test2()[pri:0, instance:selenium.Testing1@740773a3]" started-at="2022-01-30T13:14:07 EST" name="test2" finished-at="2022-01-30T13:14:07 EST" duration-ms="4" status="PASS">
          <reporter-output>
          </reporter-output>
        </test-method> <!-- test2 -->
        <test-method is-config="true" signature="afterMethod()[pri:0, instance:selenium.Testing1@740773a3]" started-at="2022-01-30T13:14:07 EST" name="afterMethod" finished-at="2022-01-30T13:14:07 EST" duration-ms="1" status="PASS">
          <reporter-output>
          </reporter-output>
        </test-method> <!-- afterMethod -->
        <test-method is-config="true" signature="beforeMethod()[pri:0, instance:selenium.Testing1@740773a3]" started-at="2022-01-30T13:14:07 EST" name="beforeMethod" finished-at="2022-01-30T13:14:07 EST" duration-ms="1" status="PASS">
          <reporter-output>
          </reporter-output>
        </test-method> <!-- beforeMethod -->
        <test-method signature="test3()[pri:0, instance:selenium.Testing1@740773a3]" started-at="2022-01-30T13:14:07 EST" name="test3" finished-at="2022-01-30T13:14:07 EST" duration-ms="2" status="PASS">
          <reporter-output>
          </reporter-output>
        </test-method> <!-- test3 -->
        <test-method is-config="true" signature="afterMethod()[pri:0, instance:selenium.Testing1@740773a3]" started-at="2022-01-30T13:14:07 EST" name="afterMethod" finished-at="2022-01-30T13:14:07 EST" duration-ms="3" status="PASS">
          <reporter-output>
          </reporter-output>
        </test-method> <!-- afterMethod -->
        <test-method is-config="true" signature="afterClass()[pri:0, instance:selenium.Testing1@740773a3]" started-at="2022-01-30T13:14:07 EST" name="afterClass" finished-at="2022-01-30T13:14:07 EST" duration-ms="1" status="PASS">
          <reporter-output>
          </reporter-output>
        </test-method> <!-- afterClass -->
        <test-method is-config="true" signature="afterTest()[pri:0, instance:selenium.Testing1@740773a3]" started-at="2022-01-30T13:14:07 EST" name="afterTest" finished-at="2022-01-30T13:14:07 EST" duration-ms="1" status="PASS">
          <reporter-output>
          </reporter-output>
        </test-method> <!-- afterTest -->
        <test-method is-config="true" signature="afterSuite()[pri:0, instance:selenium.Testing1@740773a3]" started-at="2022-01-30T13:14:07 EST" name="afterSuite" finished-at="2022-01-30T13:14:07 EST" duration-ms="1" status="PASS">
          <reporter-output>
          </reporter-output>
        </test-method> <!-- afterSuite -->
      </class> <!-- selenium.Testing1 -->
    </test> <!-- Default test -->
  </suite> <!-- Default suite -->
</testng-results>
