<?xml version="1.0" encoding="UTF-8"?>
<!-- Generated by org.testng.reporters.JUnitXMLReporter -->
<testsuite ignored="0" hostname="Fazican" failures="0" tests="5" name="Default test" time="0.161" errors="0" timestamp="2022-01-30T13:14:07 EST">
  <testcase classname="selenium.Testing1" name="abc" time="0.009"/>
  <testcase classname="selenium.Testing1" name="abc" time="0.009"/>
  <testcase classname="selenium.Testing1" name="test1" time="0.002"/>
  <testcase classname="selenium.Testing1" name="test2" time="0.004"/>
  <testcase classname="selenium.Testing1" name="test3" time="0.002"/>
</testsuite> <!-- Default test -->
