<?xml version="1.0" encoding="UTF-8"?>
<!-- Generated by org.testng.reporters.JUnitXMLReporter -->
<testsuite ignored="0" hostname="Fazican" failures="0" tests="4" name="Test" time="66.86" errors="0" timestamp="2022-01-29T21:53:42 EST">
  <testcase classname="test.LoginTest" name="loginWithWrongEmailPaswordTest" time="5.594"/>
  <testcase classname="test.LoginTest" name="loginWithEmptyEmailTest" time="4.742"/>
  <testcase classname="test.LoginTest" name="loginWithEmptyPasswordTest" time="4.742"/>
  <testcase classname="test.LoginTest" name="loginWithSpecialCharEmailTest" time="4.83"/>
</testsuite> <!-- Test -->
